c:\k021g1266\cg2\cg2\x64\release\cg2.ipdb
c:\k021g1266\cg2\cg2\x64\release\cg2.iobj
c:\k021g1266\cg2\cg2 - コピー\x64\release\cg2.ipdb
c:\k021g1266\cg2\cg2 - コピー\x64\release\cg2.iobj
c:\k021g1266\cg2\cg2\x64\release\vc143.pdb
c:\k021g1266\cg2\cg2\x64\release\main.obj
c:\k021g1266\cg2\cg2 - コピー\x64\release\vc143.pdb
c:\k021g1266\cg2\cg2 - コピー\x64\release\main.obj
c:\k021g1266\cg2\cg2 - コピー\x64\release\winapi.obj
c:\k021g1266\cg2\cg2 - コピー\x64\release\input.obj
c:\k021g1266\cg2\cg2 - コピー\x64\release\shape.obj
c:\k021g1266\cg2\cg2\x64\release\basicps.cso
c:\k021g1266\cg2\cg2\x64\release\basicvs.cso
c:\k021g1266\cg2\cg2 - コピー\x64\release\basicps.cso
c:\k021g1266\cg2\cg2 - コピー\x64\release\basicvs.cso
c:\k021g1266\cg2\cg2\x64\release\cg2.exe
c:\k021g1266\cg2\cg2\x64\release\cg2.pdb
c:\k021g1266\cg2\cg2 - コピー\x64\release\cg2.exe
c:\k021g1266\cg2\cg2 - コピー\x64\release\cg2.pdb
c:\k021g1266\cg2\cg2 - コピー\x64\release\cg2.tlog\cg2.write.1u.tlog
c:\k021g1266\cg2\cg2 - コピー\x64\release\cg2.tlog\cl.command.1.tlog
c:\k021g1266\cg2\cg2 - コピー\x64\release\cg2.tlog\cl.read.1.tlog
c:\k021g1266\cg2\cg2 - コピー\x64\release\cg2.tlog\cl.write.1.tlog
c:\k021g1266\cg2\cg2 - コピー\x64\release\cg2.tlog\fxc.command.1.tlog
c:\k021g1266\cg2\cg2 - コピー\x64\release\cg2.tlog\fxc.read.1.tlog
c:\k021g1266\cg2\cg2 - コピー\x64\release\cg2.tlog\fxc.write.1.tlog
c:\k021g1266\cg2\cg2 - コピー\x64\release\cg2.tlog\link.command.1.tlog
c:\k021g1266\cg2\cg2 - コピー\x64\release\cg2.tlog\link.read.1.tlog
c:\k021g1266\cg2\cg2 - コピー\x64\release\cg2.tlog\link.write.1.tlog
