C:\Program Files\Microsoft Visual Studio\2022\Community\MSBuild\Microsoft\VC\v170\Microsoft.CppBuild.targets(514,5): warning MSB8028: 中間ディレクトリ (x64\Debug\) に別のプロジェクト (ALICE.vcxproj) と共有されているファイルが含まれています。これにより、クリーンしてリビルド動作が適切に行われない可能性があります。
  compilation object save succeeded; see C:\k021g1266\CG2\CG2 - コピー\x64\Debug\MeshPS.cso
  compilation object save succeeded; see C:\k021g1266\CG2\CG2 - コピー\x64\Debug\MeshVS.cso
  compilation object save succeeded; see C:\k021g1266\CG2\CG2 - コピー\x64\Debug\ParticleGS.cso
  compilation object save succeeded; see C:\k021g1266\CG2\CG2 - コピー\x64\Debug\ParticlePS.cso
  compilation object save succeeded; see C:\k021g1266\CG2\CG2 - コピー\x64\Debug\ParticleVS.cso
  compilation object save succeeded; see C:\k021g1266\CG2\CG2 - コピー\x64\Debug\SpritePS.cso
  compilation object save succeeded; see C:\k021g1266\CG2\CG2 - コピー\x64\Debug\SpriteVS.cso
  compilation object save succeeded; see C:\k021g1266\CG2\CG2 - コピー\x64\Debug\ModelPS.cso
  compilation object save succeeded; see C:\k021g1266\CG2\CG2 - コピー\x64\Debug\ModelVS.cso
  compilation object save succeeded; see C:\k021g1266\CG2\CG2 - コピー\x64\Debug\objPS.cso
  compilation object save succeeded; see C:\k021g1266\CG2\CG2 - コピー\x64\Debug\objVS.cso
  Mesh.cpp
  C:\Program Files (x86)\Windows Kits\10\Include\10.0.22000.0\um\dinput.h: DIRECTINPUT_VERSION undefined. Defaulting to version 0x0800
  BasicParticle.cpp
  C:\Program Files (x86)\Windows Kits\10\Include\10.0.22000.0\um\dinput.h: DIRECTINPUT_VERSION undefined. Defaulting to version 0x0800
  ParticleCreat.cpp
  C:\Program Files (x86)\Windows Kits\10\Include\10.0.22000.0\um\dinput.h: DIRECTINPUT_VERSION undefined. Defaulting to version 0x0800
  Sprite2D.cpp
  C:\Program Files (x86)\Windows Kits\10\Include\10.0.22000.0\um\dinput.h: DIRECTINPUT_VERSION undefined. Defaulting to version 0x0800
  Sprite3D.cpp
  C:\Program Files (x86)\Windows Kits\10\Include\10.0.22000.0\um\dinput.h: DIRECTINPUT_VERSION undefined. Defaulting to version 0x0800
  SpriteCreat.cpp
  C:\Program Files (x86)\Windows Kits\10\Include\10.0.22000.0\um\dinput.h: DIRECTINPUT_VERSION undefined. Defaulting to version 0x0800
  ModelCone.cpp
  C:\Program Files (x86)\Windows Kits\10\Include\10.0.22000.0\um\dinput.h: DIRECTINPUT_VERSION undefined. Defaulting to version 0x0800
  ModelCreate.cpp
  C:\Program Files (x86)\Windows Kits\10\Include\10.0.22000.0\um\dinput.h: DIRECTINPUT_VERSION undefined. Defaulting to version 0x0800
  ModelCube.cpp
  C:\Program Files (x86)\Windows Kits\10\Include\10.0.22000.0\um\dinput.h: DIRECTINPUT_VERSION undefined. Defaulting to version 0x0800
  ModelCylinder.cpp
  C:\Program Files (x86)\Windows Kits\10\Include\10.0.22000.0\um\dinput.h: DIRECTINPUT_VERSION undefined. Defaulting to version 0x0800
  ModelSphere.cpp
  C:\Program Files (x86)\Windows Kits\10\Include\10.0.22000.0\um\dinput.h: DIRECTINPUT_VERSION undefined. Defaulting to version 0x0800
  objModel.cpp
  C:\Program Files (x86)\Windows Kits\10\Include\10.0.22000.0\um\dinput.h: DIRECTINPUT_VERSION undefined. Defaulting to version 0x0800
  Camera.cpp
  C:\Program Files (x86)\Windows Kits\10\Include\10.0.22000.0\um\dinput.h: DIRECTINPUT_VERSION undefined. Defaulting to version 0x0800
  Collision.cpp
  C:\Program Files (x86)\Windows Kits\10\Include\10.0.22000.0\um\dinput.h: DIRECTINPUT_VERSION undefined. Defaulting to version 0x0800
  CollisionPrimitive.cpp
  C:\Program Files (x86)\Windows Kits\10\Include\10.0.22000.0\um\dinput.h: DIRECTINPUT_VERSION undefined. Defaulting to version 0x0800
  DirectX12Core.cpp
  C:\Program Files (x86)\Windows Kits\10\Include\10.0.22000.0\um\dinput.h: DIRECTINPUT_VERSION undefined. Defaulting to version 0x0800
  FPS.cpp
  C:\Program Files (x86)\Windows Kits\10\Include\10.0.22000.0\um\dinput.h: DIRECTINPUT_VERSION undefined. Defaulting to version 0x0800
  WindowsApp.cpp
  C:\Program Files (x86)\Windows Kits\10\Include\10.0.22000.0\um\dinput.h: DIRECTINPUT_VERSION undefined. Defaulting to version 0x0800
  Controller.cpp
  C:\Program Files (x86)\Windows Kits\10\Include\10.0.22000.0\um\dinput.h: DIRECTINPUT_VERSION undefined. Defaulting to version 0x0800
  Input.cpp
  コードを生成中...
  コンパイル中...
  Keyboard.cpp
  C:\Program Files (x86)\Windows Kits\10\Include\10.0.22000.0\um\dinput.h: DIRECTINPUT_VERSION undefined. Defaulting to version 0x0800
  Mouse.cpp
  C:\Program Files (x86)\Windows Kits\10\Include\10.0.22000.0\um\dinput.h: DIRECTINPUT_VERSION undefined. Defaulting to version 0x0800
  Matrix4.cpp
  C:\Program Files (x86)\Windows Kits\10\Include\10.0.22000.0\um\dinput.h: DIRECTINPUT_VERSION undefined. Defaulting to version 0x0800
  MyMath.cpp
  C:\Program Files (x86)\Windows Kits\10\Include\10.0.22000.0\um\dinput.h: DIRECTINPUT_VERSION undefined. Defaulting to version 0x0800
  Vector2.cpp
  Vector3.cpp
  Vector4.cpp
  main.cpp
  C:\Program Files (x86)\Windows Kits\10\Include\10.0.22000.0\um\dinput.h: DIRECTINPUT_VERSION undefined. Defaulting to version 0x0800
  GameScene.cpp
  C:\Program Files (x86)\Windows Kits\10\Include\10.0.22000.0\um\dinput.h: DIRECTINPUT_VERSION undefined. Defaulting to version 0x0800
  コードを生成中...
  CG2.vcxproj -> C:\k021g1266\CG2\CG2 - コピー\x64\Debug\CG2.exe
