c:\k021g1266\cg2\cg2\x64\debug\vc143.pdb
c:\k021g1266\cg2\cg2\x64\debug\vc143.idb
c:\k021g1266\cg2\cg2\x64\debug\main.obj
c:\k021g1266\cg2\cg2 - コピー\x64\debug\vc143.pdb
c:\k021g1266\cg2\cg2 - コピー\x64\debug\vc143.idb
c:\k021g1266\cg2\cg2 - コピー\x64\debug\main.obj
c:\k021g1266\cg2\cg2 - コピー\x64\debug\winapi.obj
c:\k021g1266\cg2\cg2 - コピー\x64\debug\input.obj
c:\k021g1266\cg2\cg2 - コピー\x64\debug\shape.obj
c:\k021g1266\cg2\cg2\x64\debug\basicps.cso
c:\k021g1266\cg2\cg2\x64\debug\basicvs.cso
c:\k021g1266\cg2\cg2 - コピー\x64\debug\shapeps.cso
c:\k021g1266\cg2\cg2 - コピー\x64\debug\shapevs.cso
c:\k021g1266\cg2\cg2 - コピー\x64\debug\basicps.cso
c:\k021g1266\cg2\cg2 - コピー\x64\debug\basicvs.cso
c:\k021g1266\cg2\cg2\x64\debug\cg2.exe
c:\k021g1266\cg2\cg2\x64\debug\cg2.ilk
c:\k021g1266\cg2\cg2\x64\debug\cg2.pdb
c:\k021g1266\cg2\cg2 - コピー\x64\debug\cg2.pdb
c:\k021g1266\cg2\cg2 - コピー\x64\debug\cg2.tlog\cl.command.1.tlog
c:\k021g1266\cg2\cg2 - コピー\x64\debug\cg2.tlog\cl.read.1.tlog
c:\k021g1266\cg2\cg2 - コピー\x64\debug\cg2.tlog\cl.write.1.tlog
c:\k021g1266\cg2\cg2 - コピー\x64\debug\cg2.tlog\fxc.command.1.tlog
c:\k021g1266\cg2\cg2 - コピー\x64\debug\cg2.tlog\fxc.read.1.tlog
c:\k021g1266\cg2\cg2 - コピー\x64\debug\cg2.tlog\fxc.write.1.tlog
c:\k021g1266\cg2\cg2 - コピー\x64\debug\cg2.tlog\link-cvtres.read.1.tlog
c:\k021g1266\cg2\cg2 - コピー\x64\debug\cg2.tlog\link-cvtres.write.1.tlog
c:\k021g1266\cg2\cg2 - コピー\x64\debug\cg2.tlog\link-rc.read.1.tlog
c:\k021g1266\cg2\cg2 - コピー\x64\debug\cg2.tlog\link-rc.write.1.tlog
c:\k021g1266\cg2\cg2 - コピー\x64\debug\cg2.tlog\link.27300-cvtres.read.1.tlog
c:\k021g1266\cg2\cg2 - コピー\x64\debug\cg2.tlog\link.27300-cvtres.write.1.tlog
c:\k021g1266\cg2\cg2 - コピー\x64\debug\cg2.tlog\link.27300-rc.read.1.tlog
c:\k021g1266\cg2\cg2 - コピー\x64\debug\cg2.tlog\link.27300-rc.write.1.tlog
c:\k021g1266\cg2\cg2 - コピー\x64\debug\cg2.tlog\link.27300.read.1.tlog
c:\k021g1266\cg2\cg2 - コピー\x64\debug\cg2.tlog\link.27300.read.2.tlog
c:\k021g1266\cg2\cg2 - コピー\x64\debug\cg2.tlog\link.27300.write.1.tlog
c:\k021g1266\cg2\cg2 - コピー\x64\debug\cg2.tlog\link.command.1.tlog
c:\k021g1266\cg2\cg2 - コピー\x64\debug\cg2.tlog\link.read.1.tlog
c:\k021g1266\cg2\cg2 - コピー\x64\debug\cg2.tlog\link.read.2.tlog
c:\k021g1266\cg2\cg2 - コピー\x64\debug\cg2.tlog\link.write.1.tlog
